0 info it worked if it ends with ok
1 verbose cli [ '/usr/bin/node', '/usr/bin/npm', 'run', 'node_1' ]
2 info using npm@3.10.10
3 info using node@v6.14.3
4 verbose stack Error: Failed to parse json
4 verbose stack Unexpected token 'n' at 9:6
4 verbose stack     "node_2": "nodemon --watch developer -e js developer/networkNode.js 3002"
4 verbose stack      ^
4 verbose stack     at parseError (/usr/lib/node_modules/npm/node_modules.bundled/read-package-json/read-json.js:390:11)
4 verbose stack     at parseJson (/usr/lib/node_modules/npm/node_modules.bundled/read-package-json/read-json.js:79:23)
4 verbose stack     at /usr/lib/node_modules/npm/node_modules.bundled/read-package-json/read-json.js:48:5
4 verbose stack     at /usr/lib/node_modules/npm/node_modules.bundled/graceful-fs/graceful-fs.js:78:16
4 verbose stack     at tryToString (fs.js:457:3)
4 verbose stack     at FSReqWrap.readFileAfterClose [as oncomplete] (fs.js:444:12)
5 verbose cwd /root/blockchain/developer
6 error Linux 3.10.0-862.el7.x86_64
7 error argv "/usr/bin/node" "/usr/bin/npm" "run" "node_1"
8 error node v6.14.3
9 error npm  v3.10.10
10 error file /root/blockchain/package.json
11 error code EJSONPARSE
12 error Failed to parse json
12 error Unexpected token 'n' at 9:6
12 error     "node_2": "nodemon --watch developer -e js developer/networkNode.js 3002"
12 error      ^
13 error File: /root/blockchain/package.json
14 error Failed to parse package.json data.
14 error package.json must be actual JSON, not just JavaScript.
14 error
14 error This is not a bug in npm.
14 error Tell the package author to fix their package.json file. JSON.parse
15 verbose exit [ 1, true ]
